2025-10-19 18:06:35-0400: Running with following config:
allowResignation = true
bSizeRelProbs = 1
bSizes = 19
botName0 = kata1-b18c384nbt-s9996604416-d4316597426.bin.gz
botName1 = KW29 b18c384nbt 1018
chosenMoveTemperature = 0.20
chosenMoveTemperatureEarly = 0.60
handicapCompensateKomiProb = 1.0
handicapProb = 0.0
hasButtons = false
koRules = SIMPLE
komiAuto = True
logGamesEvery = 10
logMoves = false
logSearchInfo = false
logToStdout = true
maxMovesPerGame = 1000
maxVisits0 = 10
maxVisits1 = 10
multiStoneSuicideLegals = false
nnCacheSizePowerOfTwo = 20
nnMaxBatchSize = 16
nnModelFile0 = C:\Users\chang\Downloads\kata1-b18c384nbt-s9996604416-d4316597426.bin.gz
nnModelFile1 = C:\Users\chang\Downloads\KW\KW29-b18c384nbt-1018.bin
nnMutexPoolSizePowerOfTwo = 16
nnRandomize = true
numBots = 2
numGameThreads = 2
numGamesTotal = 100
numNNServerThreadsPerModel = 1
numSearchThreads = 40
resignConsecTurns = 6
resignThreshold = -0.95
scoringRules = AREA
taxRules = NONE

2025-10-19 18:06:35-0400: Match Engine starting...
2025-10-19 18:06:35-0400: Git revision: 802946dbb15ab7b52f6fa18e777ec8f8f65bfaff
2025-10-19 18:06:35-0400: nnRandSeed0 = 1538209085693500398
2025-10-19 18:06:35-0400: After dedups: nnModelFile0 = C:\Users\chang\Downloads\kata1-b18c384nbt-s9996604416-d4316597426.bin.gz useFP16 auto useNHWC auto
2025-10-19 18:06:35-0400: Initializing neural net buffer to be size 19 * 19 exactly
2025-10-19 18:06:38-0400: TensorRT backend thread 0: Found GPU NVIDIA GeForce RTX 5080 Laptop GPU memory 17094475776 compute capability major 12 minor 0
2025-10-19 18:06:38-0400: TensorRT backend thread 0: Initializing (may take a long time)
2025-10-19 18:06:42-0400: Using existing timing cache at C:\Users\chang\Downloads\katago-v1.16.3-trt10.9.0-cuda12.8-windows-x64/KataGoData/trtcache/trt-100900_gpu-99a61140_tune-04e4d48f9167_exact19x19_batch16_fp16
2025-10-19 18:06:48-0400: TensorRT backend thread 0: Model version 14 useFP16 = true
2025-10-19 18:06:48-0400: TensorRT backend thread 0: Model name: kata1-b18c384nbt-s9996604416-d4316597426
2025-10-19 18:06:48-0400: nnRandSeed1 = 7732470844037044020
2025-10-19 18:06:48-0400: After dedups: nnModelFile1 = C:\Users\chang\Downloads\KW\KW29-b18c384nbt-1018.bin useFP16 auto useNHWC auto
2025-10-19 18:06:48-0400: Initializing neural net buffer to be size 19 * 19 exactly
2025-10-19 18:06:48-0400: TensorRT backend thread 0: Found GPU NVIDIA GeForce RTX 5080 Laptop GPU memory 17094475776 compute capability major 12 minor 0
2025-10-19 18:06:48-0400: TensorRT backend thread 0: Initializing (may take a long time)
2025-10-19 18:06:54-0400: Using existing timing cache at C:\Users\chang\Downloads\katago-v1.16.3-trt10.9.0-cuda12.8-windows-x64/KataGoData/trtcache/trt-100900_gpu-99a61140_tune-04e4d48f9167_exact19x19_batch16_fp16
2025-10-19 18:06:59-0400: TensorRT backend thread 0: Model version 14 useFP16 = true
2025-10-19 18:06:59-0400: TensorRT backend thread 0: Model name: KW29-b18c384nbt-1018
2025-10-19 18:06:59-0400: Loaded neural net
2025-10-19 18:06:59-0400: Loaded all config stuff, starting matches
2025-10-19 18:07:04-0400: Avg move time used by KW29 b18c384nbt 1018 0.0419778 45 moves
2025-10-19 18:07:04-0400: Avg move time used by kata1-b18c384nbt-s9996604416-d4316597426.bin.gz 0.0422727 44 moves
2025-10-19 18:07:08-0400: Avg move time used by KW29 b18c384nbt 1018 0.0403041 148 moves
2025-10-19 18:07:08-0400: Avg move time used by kata1-b18c384nbt-s9996604416-d4316597426.bin.gz 0.0395946 148 moves
2025-10-19 18:07:09-0400: Avg move time used by KW29 b18c384nbt 1018 0.0396126 222 moves
2025-10-19 18:07:09-0400: Avg move time used by kata1-b18c384nbt-s9996604416-d4316597426.bin.gz 0.0382117 222 moves
2025-10-19 18:07:14-0400: Avg move time used by KW29 b18c384nbt 1018 0.0385467 289 moves
2025-10-19 18:07:14-0400: Avg move time used by kata1-b18c384nbt-s9996604416-d4316597426.bin.gz 0.0380833 288 moves
2025-10-19 18:07:15-0400: Avg move time used by KW29 b18c384nbt 1018 0.038672 375 moves
2025-10-19 18:07:15-0400: Avg move time used by kata1-b18c384nbt-s9996604416-d4316597426.bin.gz 0.0375535 374 moves
2025-10-19 18:07:19-0400: Avg move time used by KW29 b18c384nbt 1018 0.0384147 434 moves
2025-10-19 18:07:19-0400: Avg move time used by kata1-b18c384nbt-s9996604416-d4316597426.bin.gz 0.0372604 434 moves
2025-10-19 18:07:24-0400: Avg move time used by KW29 b18c384nbt 1018 0.038067 612 moves
2025-10-19 18:07:24-0400: Avg move time used by kata1-b18c384nbt-s9996604416-d4316597426.bin.gz 0.0375784 612 moves
2025-10-19 18:07:24-0400: Started 10 games
2025-10-19 18:07:31-0400: Avg move time used by KW29 b18c384nbt 1018 0.0378978 773 moves
2025-10-19 18:07:31-0400: Avg move time used by kata1-b18c384nbt-s9996604416-d4316597426.bin.gz 0.0373808 772 moves
2025-10-19 18:07:35-0400: Avg move time used by KW29 b18c384nbt 1018 0.0379265 898 moves
2025-10-19 18:07:35-0400: Avg move time used by kata1-b18c384nbt-s9996604416-d4316597426.bin.gz 0.037529 898 moves
2025-10-19 18:07:51-0400: Avg move time used by KW29 b18c384nbt 1018 0.0385886 1225 moves
2025-10-19 18:07:51-0400: Avg move time used by kata1-b18c384nbt-s9996604416-d4316597426.bin.gz 0.037938 1225 moves
2025-10-19 18:07:57-0400: Started 20 games
2025-10-19 18:08:05-0400: Avg move time used by KW29 b18c384nbt 1018 0.0389057 1559 moves
2025-10-19 18:08:05-0400: Avg move time used by kata1-b18c384nbt-s9996604416-d4316597426.bin.gz 0.0380853 1559 moves
2025-10-19 18:08:15-0400: Avg move time used by KW29 b18c384nbt 1018 0.0390332 1809 moves
2025-10-19 18:08:15-0400: Avg move time used by kata1-b18c384nbt-s9996604416-d4316597426.bin.gz 0.0381983 1810 moves
2025-10-19 18:08:26-0400: Started 30 games
2025-10-19 18:08:40-0400: Avg move time used by KW29 b18c384nbt 1018 0.0388867 2427 moves
2025-10-19 18:08:40-0400: Avg move time used by kata1-b18c384nbt-s9996604416-d4316597426.bin.gz 0.0380718 2424 moves
2025-10-19 18:09:00-0400: Started 40 games
2025-10-19 18:09:04-0400: Avg move time used by KW29 b18c384nbt 1018 0.0389053 3052 moves
2025-10-19 18:09:04-0400: Avg move time used by kata1-b18c384nbt-s9996604416-d4316597426.bin.gz 0.0381172 3046 moves
2025-10-19 18:09:30-0400: Avg move time used by KW29 b18c384nbt 1018 0.0392558 3687 moves
2025-10-19 18:09:30-0400: Avg move time used by kata1-b18c384nbt-s9996604416-d4316597426.bin.gz 0.0385639 3680 moves
2025-10-19 18:09:30-0400: Started 50 games
2025-10-19 18:10:05-0400: Started 60 games
2025-10-19 18:10:31-0400: Avg move time used by KW29 b18c384nbt 1018 0.0396995 5055 moves
2025-10-19 18:10:31-0400: Avg move time used by kata1-b18c384nbt-s9996604416-d4316597426.bin.gz 0.0392483 5047 moves
2025-10-19 18:10:42-0400: Started 70 games
2025-10-19 18:11:22-0400: Started 80 games
2025-10-19 18:11:26-0400: Avg move time used by KW29 b18c384nbt 1018 0.0400765 6353 moves
2025-10-19 18:11:26-0400: Avg move time used by kata1-b18c384nbt-s9996604416-d4316597426.bin.gz 0.0396535 6346 moves
2025-10-19 18:11:49-0400: Started 90 games
2025-10-19 18:12:12-0400: Avg move time used by KW29 b18c384nbt 1018 0.0402299 7480 moves
2025-10-19 18:12:12-0400: Avg move time used by kata1-b18c384nbt-s9996604416-d4316597426.bin.gz 0.039866 7470 moves
2025-10-19 18:12:20-0400: Started 100 games
2025-10-19 18:12:20-0400: Match loop thread terminating
2025-10-19 18:12:24-0400: Match loop thread terminating
2025-10-19 18:12:24-0400: C:\Users\chang\Downloads\kata1-b18c384nbt-s9996604416-d4316597426.bin.gz
2025-10-19 18:12:24-0400: NN rows: 358664
2025-10-19 18:12:24-0400: NN batches: 28412
2025-10-19 18:12:24-0400: NN avg batch size: 12.6237
2025-10-19 18:12:24-0400: GPU -1 finishing, processed 358664 rows 28412 batches
2025-10-19 18:12:24-0400: C:\Users\chang\Downloads\KW\KW29-b18c384nbt-1018.bin
2025-10-19 18:12:24-0400: NN rows: 359488
2025-10-19 18:12:24-0400: NN batches: 28560
2025-10-19 18:12:24-0400: NN avg batch size: 12.5871
2025-10-19 18:12:24-0400: GPU -1 finishing, processed 359488 rows 28560 batches
2025-10-19 18:12:25-0400: All cleaned up, quitting
